<?xml version="1.0" encoding="UTF-8"?>
<testng-results skipped="0" failed="0" ignored="0" total="1" passed="1">
  <reporter-output>
  </reporter-output>
  <suite name="Command line suite" duration-ms="1" started-at="2018-12-11T03:11:25Z" finished-at="2018-12-11T03:11:25Z">
    <groups>
    </groups>
    <test name="Command line test" duration-ms="1" started-at="2018-12-11T03:11:25Z" finished-at="2018-12-11T03:11:25Z">
      <class name="DemoProject.demo.AppTest">
        <test-method status="PASS" signature="testApp()[pri:0, instance:testApp(DemoProject.demo.AppTest)]" name="testApp" duration-ms="0" started-at="2018-12-11T03:11:25Z" finished-at="2018-12-11T03:11:25Z">
          <reporter-output>
          </reporter-output>
        </test-method> <!-- testApp -->
      </class> <!-- DemoProject.demo.AppTest -->
    </test> <!-- Command line test -->
  </suite> <!-- Command line suite -->
</testng-results>
