<?xml version="1.0" encoding="UTF-8"?>
<testng-results skipped="0" failed="0" ignored="0" total="1" passed="1">
  <reporter-output>
  </reporter-output>
  <suite name="Command line suite" duration-ms="11395" started-at="2018-12-11T03:11:14Z" finished-at="2018-12-11T03:11:25Z">
    <groups>
    </groups>
    <test name="Command line test" duration-ms="11395" started-at="2018-12-11T03:11:14Z" finished-at="2018-12-11T03:11:25Z">
      <class name="com.test.selenium.TestClass">
        <test-method status="PASS" signature="beforeTest()[pri:0, instance:com.test.selenium.TestClass@3b81a1bc]" name="beforeTest" is-config="true" duration-ms="5401" started-at="2018-12-11T03:11:14Z" finished-at="2018-12-11T03:11:19Z">
          <reporter-output>
          </reporter-output>
        </test-method> <!-- beforeTest -->
        <test-method status="PASS" signature="Test()[pri:0, instance:com.test.selenium.TestClass@3b81a1bc]" name="Test" duration-ms="5100" started-at="2018-12-11T03:11:19Z" finished-at="2018-12-11T03:11:24Z">
          <reporter-output>
          </reporter-output>
        </test-method> <!-- Test -->
        <test-method status="PASS" signature="afterTest()[pri:0, instance:com.test.selenium.TestClass@3b81a1bc]" name="afterTest" is-config="true" duration-ms="881" started-at="2018-12-11T03:11:24Z" finished-at="2018-12-11T03:11:25Z">
          <reporter-output>
          </reporter-output>
        </test-method> <!-- afterTest -->
      </class> <!-- com.test.selenium.TestClass -->
    </test> <!-- Command line test -->
  </suite> <!-- Command line suite -->
</testng-results>
